ca65 V2.18 - Ubuntu 2.19-1
Main file   : src/graphics.asm
Current file: src/graphics.asm

000000r 1               ; PPU Register Definitions
000000r 1               .global PPUCTRL, PPUMASK, PPUSTATUS, OAMADDR, OAMDATA, PPUSCROLL, PPUADDR, PPUDATA, OAMDMA
000000r 1               PPUCTRL   = $2000
000000r 1               PPUMASK   = $2001
000000r 1               PPUSTATUS = $2002
000000r 1               OAMADDR   = $2003
000000r 1               OAMDATA   = $2004
000000r 1               PPUSCROLL = $2005
000000r 1               PPUADDR   = $2006
000000r 1               PPUDATA   = $2007
000000r 1               OAMDMA    = $4014
000000r 1
000000r 1               ; Imported from main.asm
000000r 1               .importzp main_scroll_x_low, main_scroll_x_high
000000r 1               .importzp player_world_x_high, player_world_y_high
000000r 1               .importzp temp_low, temp_high
000000r 1               .import sprite0_world_x_high, sprite1_world_x_high
000000r 1
000000r 1               .segment "ZEROPAGE"
000000r 1               .global layer1_scroll_x, layer1_scroll_y, layer2_scroll_x, layer2_scroll_y, layer3_scroll_x, layer3_scroll_y
000000r 1               .global fine_x_scroll_value
000000r 1               .global sprite_eff_scroll_low, sprite_eff_scroll_high, sprite_screen_x, oam_index
000000r 1
000000r 1  xx           layer1_scroll_x: .res 1
000001r 1  xx           layer1_scroll_y: .res 1
000002r 1  xx           layer2_scroll_x: .res 1
000003r 1  xx           layer2_scroll_y: .res 1
000004r 1  xx           layer3_scroll_x: .res 1
000005r 1  xx           layer3_scroll_y: .res 1
000006r 1  xx           fine_x_scroll_value: .res 1
000007r 1  xx           sprite_eff_scroll_low: .res 1
000008r 1  xx           sprite_eff_scroll_high: .res 1
000009r 1  xx           sprite_screen_x: .res 1
00000Ar 1  xx           oam_index: .res 1
00000Br 1
00000Br 1               .segment "OAM_DATA"
000000r 1               .global oam_ram_buffer
000000r 1  xx xx xx xx  oam_ram_buffer: .res 256
000004r 1  xx xx xx xx
000008r 1  xx xx xx xx
000100r 1
000100r 1               .segment "RODATA"
000000r 1               .global Palette
000000r 1               Palette:
000000r 1                 ; Universal Background + BG Palette 0
000000r 1  0F 11 21 31    .byte $0F,$11,$21,$31
000004r 1                 ; BG Palette 1
000004r 1  0F 17 27 37    .byte $0F,$17,$27,$37
000008r 1                 ; BG Palette 2
000008r 1  0F 19 29 39    .byte $0F,$19,$29,$39
00000Cr 1                 ; BG Palette 3
00000Cr 1  0F 16 26 36    .byte $0F,$16,$26,$36
000010r 1                 ; Sprite Palette 0
000010r 1  0F 11 21 31    .byte $0F,$11,$21,$31
000014r 1                 ; Sprite Palette 1
000014r 1  0F 17 27 37    .byte $0F,$17,$27,$37
000018r 1                 ; Sprite Palette 2
000018r 1  0F 19 29 39    .byte $0F,$19,$29,$39
00001Cr 1                 ; Sprite Palette 3
00001Cr 1  0F 16 26 36    .byte $0F,$16,$26,$36
000020r 1
000020r 1               .global sprite0_world_x_low, sprite0_y, sprite0_tile, sprite0_attr
000020r 1  00           sprite0_world_x_low:  .byte $00
000021r 1  80           sprite0_y:            .byte $80
000022r 1  01           sprite0_tile:         .byte $01
000023r 1  00           sprite0_attr:         .byte $00
000024r 1
000024r 1               .global sprite1_world_x_low, sprite1_y, sprite1_tile, sprite1_attr
000024r 1  00           sprite1_world_x_low:  .byte $00
000025r 1  A0           sprite1_y:            .byte $A0
000026r 1  02           sprite1_tile:         .byte $02
000027r 1  01           sprite1_attr:         .byte $01
000028r 1
000028r 1               .global player_sprite_tile, player_sprite_attr, PlayerScreenXOffset
000028r 1  00           player_sprite_tile:   .byte $00
000029r 1  02           player_sprite_attr:   .byte $02
00002Ar 1  40           PlayerScreenXOffset: .byte 64
00002Br 1
00002Br 1               .global SampleNametable, SampleNametable_End
00002Br 1               SampleNametable:
00002Br 1  01 01 01 01      .byt $01,$01,$01,$01,$01,$01,$01,$01,$01,$01,$01,$01,$01,$01,$01,$01,$01,$01,$01,$01,$01,$01,$01,$01,$01,$01,$01,$01,$01,$01,$01,$01 ; Row 0
00002Fr 1  01 01 01 01
000033r 1  01 01 01 01
00004Br 1  02 02 02 02      .byt $02,$02,$02,$02,$02,$02,$02,$02,$02,$02,$02,$02,$02,$02,$02,$02,$02,$02,$02,$02,$02,$02,$02,$02,$02,$02,$02,$02,$02,$02,$02,$02 ; Row 1
00004Fr 1  02 02 02 02
000053r 1  02 02 02 02
00006Br 1  03 03 03 03      .byt $03,$03,$03,$03,$03,$03,$03,$03,$03,$03,$03,$03,$03,$03,$03,$03,$03,$03,$03,$03,$03,$03,$03,$03,$03,$03,$03,$03,$03,$03,$03,$03 ; Row 2
00006Fr 1  03 03 03 03
000073r 1  03 03 03 03
00008Br 1               SampleNametable_End:
00008Br 1
00008Br 1               .global ppu_ctrl_value_default, ppu_mask_value_default
00008Br 1  88           ppu_ctrl_value_default: .byte %10001000 ; BG $0000, Sprites $1000, NMI on
00008Cr 1  1E           ppu_mask_value_default: .byte %00011110 ; Show BG/Sprites, Show left column BG/Sprites
00008Dr 1
00008Dr 1
00008Dr 1               .segment "CODE"
000000r 1               .global LoadPalette
000000r 1               LoadPalette:
000000r 1  AD 02 20       LDA PPUSTATUS
000003r 1  A9 3F          LDA #$3F
000005r 1  8D 06 20       STA PPUADDR
000008r 1  A9 00          LDA #$00
00000Ar 1  8D 06 20       STA PPUADDR
00000Dr 1  A2 00          LDX #$00
00000Fr 1               LoadPaletteLoop:
00000Fr 1  BD rr rr       LDA Palette, X
000012r 1  8D 07 20       STA PPUDATA
000015r 1  E8             INX
000016r 1  E0 20          CPX #$20
000018r 1  D0 F5          BNE LoadPaletteLoop
00001Ar 1  60             RTS
00001Br 1
00001Br 1               .global LoadSmallNametable
00001Br 1               LoadSmallNametable:
00001Br 1  48             PHA
00001Cr 1  8A             TXA
00001Dr 1  48             PHA
00001Er 1  AD 02 20       LDA PPUSTATUS
000021r 1  A9 20          LDA #$20
000023r 1  8D 06 20       STA PPUADDR
000026r 1  A9 00          LDA #$00
000028r 1  8D 06 20       STA PPUADDR
00002Br 1  A2 00          LDX #$00
00002Dr 1               LoadSmallLoop:
00002Dr 1  BD rr rr       LDA SampleNametable, X
000030r 1  8D 07 20       STA PPUDATA
000033r 1  E8             INX
000034r 1  E0 60          CPX #(SampleNametable_End - SampleNametable)
000036r 1  D0 F5          BNE LoadSmallLoop
000038r 1  68             PLA
000039r 1  AA             TAX
00003Ar 1  68             PLA
00003Br 1  60             RTS
00003Cr 1
00003Cr 1               .global UpdateSprites
00003Cr 1               UpdateSprites:
00003Cr 1  48             PHA
00003Dr 1  8A             TXA
00003Er 1  48             PHA
00003Fr 1  98             TYA
000040r 1  48             PHA
000041r 1  A2 00          LDX #$00
000043r 1  86 rr          STX oam_index
000045r 1  A5 rr          LDA main_scroll_x_low
000047r 1  85 rr          STA sprite_eff_scroll_low
000049r 1  A5 rr          LDA main_scroll_x_high
00004Br 1  85 rr          STA sprite_eff_scroll_high
00004Dr 1  A5 rr          LDA player_world_x_high
00004Fr 1  38             SEC
000050r 1  E5 rr          SBC sprite_eff_scroll_high
000052r 1  18             CLC
000053r 1  6D rr rr       ADC PlayerScreenXOffset
000056r 1  85 rr          STA sprite_screen_x
000058r 1  A4 rr          LDY oam_index
00005Ar 1  A5 rr          LDA player_world_y_high
00005Cr 1  99 rr rr       STA oam_ram_buffer, Y
00005Fr 1  C8             INY
000060r 1  AD rr rr       LDA player_sprite_tile
000063r 1  99 rr rr       STA oam_ram_buffer, Y
000066r 1  C8             INY
000067r 1  AD rr rr       LDA player_sprite_attr
00006Ar 1  99 rr rr       STA oam_ram_buffer, Y
00006Dr 1  C8             INY
00006Er 1  A5 rr          LDA sprite_screen_x
000070r 1  99 rr rr       STA oam_ram_buffer, Y
000073r 1  C8             INY
000074r 1  84 rr          STY oam_index
000076r 1  A5 rr          LDA main_scroll_x_low
000078r 1  85 rr          STA temp_low
00007Ar 1  A5 rr          LDA main_scroll_x_high
00007Cr 1  85 rr          STA temp_high
00007Er 1  46 rr          LSR temp_high
000080r 1  66 rr          ROR temp_low
000082r 1  46 rr          LSR temp_high
000084r 1  66 rr          ROR temp_low
000086r 1  18             CLC
000087r 1  A5 rr          LDA main_scroll_x_low
000089r 1  65 rr          ADC temp_low
00008Br 1  85 rr          STA sprite_eff_scroll_low
00008Dr 1  A5 rr          LDA main_scroll_x_high
00008Fr 1  65 rr          ADC temp_high
000091r 1  85 rr          STA sprite_eff_scroll_high
000093r 1  AD rr rr       LDA sprite0_world_x_high
000096r 1  38             SEC
000097r 1  E5 rr          SBC sprite_eff_scroll_high
000099r 1  85 rr          STA sprite_screen_x
00009Br 1  A4 rr          LDY oam_index
00009Dr 1  AD rr rr       LDA sprite0_y
0000A0r 1  99 rr rr       STA oam_ram_buffer, Y
0000A3r 1  C8             INY
0000A4r 1  AD rr rr       LDA sprite0_tile
0000A7r 1  99 rr rr       STA oam_ram_buffer, Y
0000AAr 1  C8             INY
0000ABr 1  AD rr rr       LDA sprite0_attr
0000AEr 1  99 rr rr       STA oam_ram_buffer, Y
0000B1r 1  C8             INY
0000B2r 1  A5 rr          LDA sprite_screen_x
0000B4r 1  99 rr rr       STA oam_ram_buffer, Y
0000B7r 1  C8             INY
0000B8r 1  84 rr          STY oam_index
0000BAr 1  A5 rr          LDA main_scroll_x_low
0000BCr 1  85 rr          STA temp_low
0000BEr 1  A5 rr          LDA main_scroll_x_high
0000C0r 1  85 rr          STA temp_high
0000C2r 1  46 rr          LSR temp_high
0000C4r 1  66 rr          ROR temp_low
0000C6r 1  18             CLC
0000C7r 1  A5 rr          LDA main_scroll_x_low
0000C9r 1  65 rr          ADC temp_low
0000CBr 1  85 rr          STA sprite_eff_scroll_low
0000CDr 1  A5 rr          LDA main_scroll_x_high
0000CFr 1  65 rr          ADC temp_high
0000D1r 1  85 rr          STA sprite_eff_scroll_high
0000D3r 1  AD rr rr       LDA sprite1_world_x_high
0000D6r 1  38             SEC
0000D7r 1  E5 rr          SBC sprite_eff_scroll_high
0000D9r 1  85 rr          STA sprite_screen_x
0000DBr 1  A4 rr          LDY oam_index
0000DDr 1  AD rr rr       LDA sprite1_y
0000E0r 1  99 rr rr       STA oam_ram_buffer, Y
0000E3r 1  C8             INY
0000E4r 1  AD rr rr       LDA sprite1_tile
0000E7r 1  99 rr rr       STA oam_ram_buffer, Y
0000EAr 1  C8             INY
0000EBr 1  AD rr rr       LDA sprite1_attr
0000EEr 1  99 rr rr       STA oam_ram_buffer, Y
0000F1r 1  C8             INY
0000F2r 1  A5 rr          LDA sprite_screen_x
0000F4r 1  99 rr rr       STA oam_ram_buffer, Y
0000F7r 1  C8             INY
0000F8r 1  84 rr          STY oam_index
0000FAr 1  A9 F8          LDA #$F8
0000FCr 1               HideLoop:
0000FCr 1  C0 FC          CPY #252
0000FEr 1  B0 13          BCS EndHideLoop
000100r 1  99 rr rr       STA oam_ram_buffer, Y
000103r 1  C8             INY
000104r 1  99 rr rr       STA oam_ram_buffer, Y
000107r 1  C8             INY
000108r 1  99 rr rr       STA oam_ram_buffer, Y
00010Br 1  C8             INY
00010Cr 1  99 rr rr       STA oam_ram_buffer, Y
00010Fr 1  C8             INY
000110r 1  4C rr rr       JMP HideLoop
000113r 1               EndHideLoop:
000113r 1  68             PLA
000114r 1  A8             TAY
000115r 1  68             PLA
000116r 1  AA             TAX
000117r 1  68             PLA
000118r 1  60             RTS
000119r 1
000119r 1               .global UpdateLayerScrolls
000119r 1               UpdateLayerScrolls:
000119r 1  48             PHA
00011Ar 1  8A             TXA
00011Br 1  48             PHA
00011Cr 1  98             TYA
00011Dr 1  48             PHA
00011Er 1  A5 rr          LDA main_scroll_x_low
000120r 1  4A             LSR A
000121r 1  4A             LSR A
000122r 1  4A             LSR A
000123r 1  4A             LSR A
000124r 1  4A             LSR A
000125r 1  85 rr          STA fine_x_scroll_value
000127r 1  A5 rr          LDA main_scroll_x_high
000129r 1  0A             ASL A
00012Ar 1  0A             ASL A
00012Br 1  0A             ASL A
00012Cr 1  05 rr          ORA fine_x_scroll_value
00012Er 1  85 rr          STA layer3_scroll_x
000130r 1  A5 rr          LDA main_scroll_x_high
000132r 1  4A             LSR A
000133r 1  85 rr          STA temp_high
000135r 1  A5 rr          LDA temp_high
000137r 1  0A             ASL A
000138r 1  0A             ASL A
000139r 1  0A             ASL A
00013Ar 1  05 rr          ORA fine_x_scroll_value
00013Cr 1  85 rr          STA layer1_scroll_x
00013Er 1  A5 rr          LDA main_scroll_x_high
000140r 1  85 rr          STA temp_high
000142r 1  46 rr          LSR temp_high
000144r 1  A5 rr          LDA main_scroll_x_high
000146r 1  4A             LSR A
000147r 1  4A             LSR A
000148r 1  18             CLC
000149r 1  65 rr          ADC temp_high
00014Br 1  85 rr          STA temp_high
00014Dr 1  A5 rr          LDA temp_high
00014Fr 1  0A             ASL A
000150r 1  0A             ASL A
000151r 1  0A             ASL A
000152r 1  05 rr          ORA fine_x_scroll_value
000154r 1  85 rr          STA layer2_scroll_x
000156r 1  68             PLA
000157r 1  A8             TAY
000158r 1  68             PLA
000159r 1  AA             TAX
00015Ar 1  68             PLA
00015Br 1  60             RTS
00015Br 1
